MaintainService/proguard.cfg
-optimizationpasses 5
-dontusemixedcaseclassnames
-dontskipnonpubliclibraryclasses
-dontpreverify
-verbose
-optimizations !code/simplification/arithmetic,!field/*,!class/merging/*

-keep public class * extends android.app.Activity
-keep public class * extends android.app.Application
-keep public class * extends android.app.Service
-keep public class * extends android.content.BroadcastReceiver
-keep public class * extends android.content.ContentProvider
-keep public class * extends android.app.backup.BackupAgentHelper
-keep public class * extends android.preference.Preference
-keep public class com.android.vending.licensing.ILicensingService

-keepclasseswithmembernames class * {
    native <methods>;
}

-keepclasseswithmembers class * {
    public <init>(android.content.Context, android.util.AttributeSet);
}

-keepclasseswithmembers class * {
    public <init>(android.content.Context, android.util.AttributeSet, int);
}

-keepclassmembers class * extends android.app.Activity {
   public void *(android.view.View);
}

# Preserve static fields of inner classes of R classes that might be accessed
# through introspection.
-keepclassmembers class **.R$* {
  public static <fields>;
}

# Preserve the special static methods that are required in all enumeration classes.
-keepclassmembers enum * {
    public static **[] values();
    public static ** valueOf(java.lang.String);
}

-keep class * implements android.os.Parcelable {
  public static final android.os.Parcelable$Creator *;
}

-keep class com.coortouch.app.entity.** {*; } 

-ignorewarnings
-libraryjars libs/android-support-v4.jar 
-libraryjars libs/AsyncHttp.jar
-libraryjars libs/date4j.jar
-libraryjars libs/httpmime-4.1.3.jar
-dontwarn android.support.v4.** 
-keep class android.support.v4.** { *; } 
-keep public class * extends android.support.v4.** 
-keep public class * extends android.app.Fragment 

-dontwarn cn.jpush.**
-keep class cn.jpush.** { *; }

-dontwarn com.loopj.android.http.** 
-keep class com.loopj.android.http.** { *; } 

-keepnames class * implements java.io.Serializable 
 
# Explicitly preserve all serialization members. The Serializable interface
# is only a marker interface, so it wouldn¡¯t save them.
-keepclassmembers class * implements java.io.Serializable {
static final long serialVersionUID;
private static final java.io.ObjectStreamField[] serialPersistentFields;
private void writeObject(java.io.ObjectOutputStream);
private void readObject(java.io.ObjectInputStream);
java.lang.Object writeReplace();
java.lang.Object readResolve();
} 
-keep class com.google.gson.JsonObject { *; }
-keep class com.badlogic.** { *; }
-keep class * implements com.badlogic.gdx.utils.Json*
-keep class com.google.** { *; }


##---------------Begin: proguard configuration for Gson  ----------
# Gson uses generic type information stored in a class file when working with fields. Proguard
# removes such information by default, so configure it to keep all of it.
-keepattributes Signature  
# Gson specific classes
-keep class sun.misc.Unsafe { *; }
#-keep class com.google.gson.stream.** { *; }  
# Application classes that will be serialized/deserialized over Gson
-keep class com.google.gson.examples.android.model.** { *; }  
##---------------End: proguard configuration for Gson  ----------