MaintainService/proguard/seeds.txt
android.support.v4.view.MotionEventCompat$MotionEventVersionImpl
android.support.v4.view.MotionEventCompat$MotionEventVersionImpl: int findPointerIndex(android.view.MotionEvent,int)
android.support.v4.view.MotionEventCompat$MotionEventVersionImpl: int getPointerId(android.view.MotionEvent,int)
android.support.v4.view.MotionEventCompat$MotionEventVersionImpl: float getX(android.view.MotionEvent,int)
android.support.v4.view.MotionEventCompat$MotionEventVersionImpl: float getY(android.view.MotionEvent,int)
android.support.v4.view.MotionEventCompatEclair
android.support.v4.view.MotionEventCompatEclair: MotionEventCompatEclair()
android.support.v4.view.MotionEventCompatEclair: int findPointerIndex(android.view.MotionEvent,int)
android.support.v4.view.MotionEventCompatEclair: int getPointerId(android.view.MotionEvent,int)
android.support.v4.view.MotionEventCompatEclair: float getX(android.view.MotionEvent,int)
android.support.v4.view.MotionEventCompatEclair: float getY(android.view.MotionEvent,int)
android.support.v4.view.PagerAdapter
android.support.v4.view.PagerAdapter: android.database.DataSetObservable mObservable
android.support.v4.view.PagerAdapter: int POSITION_UNCHANGED
android.support.v4.view.PagerAdapter: int POSITION_NONE
android.support.v4.view.PagerAdapter: PagerAdapter()
android.support.v4.view.PagerAdapter: int getCount()
android.support.v4.view.PagerAdapter: void startUpdate(android.view.ViewGroup)
android.support.v4.view.PagerAdapter: java.lang.Object instantiateItem(android.view.ViewGroup,int)
android.support.v4.view.PagerAdapter: void destroyItem(android.view.ViewGroup,int,java.lang.Object)
android.support.v4.view.PagerAdapter: void setPrimaryItem(android.view.ViewGroup,int,java.lang.Object)
android.support.v4.view.PagerAdapter: void finishUpdate(android.view.ViewGroup)
android.support.v4.view.PagerAdapter: void startUpdate(android.view.View)
android.support.v4.view.PagerAdapter: java.lang.Object instantiateItem(android.view.View,int)
android.support.v4.view.PagerAdapter: void destroyItem(android.view.View,int,java.lang.Object)
android.support.v4.view.PagerAdapter: void setPrimaryItem(android.view.View,int,java.lang.Object)
android.support.v4.view.PagerAdapter: void finishUpdate(android.view.View)
android.support.v4.view.PagerAdapter: boolean isViewFromObject(android.view.View,java.lang.Object)
android.support.v4.view.PagerAdapter: android.os.Parcelable saveState()
android.support.v4.view.PagerTitleStrip
android.support.v4.view.PagerTitleStrip: java.lang.String TAG
android.support.v4.view.PagerTitleStrip: android.support.v4.view.ViewPager mPager
android.support.v4.view.PagerTitleStrip: android.widget.TextView mPrevText
android.support.v4.view.PagerTitleStrip: android.widget.TextView mCurrText
android.support.v4.view.PagerTitleStrip: android.widget.TextView mNextText
android.support.v4.view.PagerTitleStrip: int mLastKnownCurrentPage
android.support.v4.view.PagerTitleStrip: float mLastKnownPositionOffset
android.support.v4.view.PagerTitleStrip: int mScaledTextSpacing
android.support.v4.view.PagerTitleStrip: boolean mUpdatingText
android.support.v4.view.PagerTitleStrip: boolean mUpdatingPositions
android.support.v4.view.PagerTitleStrip: android.support.v4.view.PagerTitleStrip$PageListener mPageListener
android.support.v4.view.PagerTitleStrip: int[] ATTRS
android.support.v4.view.PagerTitleStrip: int SIDE_ALPHA
android.support.v4.view.PagerTitleStrip: int TEXT_SPACING
android.support.v4.view.PagerTitleStrip: PagerTitleStrip(android.content.Context)
android.support.v4.view.PagerTitleStrip: PagerTitleStrip(android.content.Context,android.util.AttributeSet)
android.support.v4.view.PagerTitleStrip: void onAttachedToWindow()
android.support.v4.view.PagerTitleStrip: void onDetachedFromWindow()
android.support.v4.view.PagerTitleStrip: void updateText(int,android.support.v4.view.PagerAdapter)
android.support.v4.view.PagerTitleStrip$1