MaintainService/proguard/mapping.txt
android.support.v4.widget.EdgeEffectCompat -> android.support.v4.widget.EdgeEffectCompat:
    java.lang.Object mEdgeEffect -> mEdgeEffect
    android.support.v4.widget.EdgeEffectCompat$EdgeEffectImpl IMPL -> IMPL
    void setSize(int,int) -> setSize
    boolean isFinished() -> isFinished
    void finish() -> finish
    boolean onPull(float) -> onPull
    boolean onRelease() -> onRelease
    boolean onAbsorb(int) -> onAbsorb
    boolean draw(android.graphics.Canvas) -> draw
android.support.v4.widget.EdgeEffectCompat$BaseEdgeEffectImpl -> android.support.v4.widget.EdgeEffectCompat$BaseEdgeEffectImpl:
    java.lang.Object newEdgeEffect(android.content.Context) -> newEdgeEffect
    void setSize(java.lang.Object,int,int) -> setSize
    boolean isFinished(java.lang.Object) -> isFinished
    void finish(java.lang.Object) -> finish
    boolean onPull(java.lang.Object,float) -> onPull
    boolean onRelease(java.lang.Object) -> onRelease
    boolean onAbsorb(java.lang.Object,int) -> onAbsorb
    boolean draw(java.lang.Object,android.graphics.Canvas) -> draw
android.support.v4.widget.EdgeEffectCompat$EdgeEffectIcsImpl -> android.support.v4.widget.EdgeEffectCompat$EdgeEffectIcsImpl:
    java.lang.Object newEdgeEffect(android.content.Context) -> newEdgeEffect
    void setSize(java.lang.Object,int,int) -> setSize
    boolean isFinished(java.lang.Object) -> isFinished
    void finish(java.lang.Object) -> finish
    boolean onPull(java.lang.Object,float) -> onPull
    boolean onRelease(java.lang.Object) -> onRelease
    boolean onAbsorb(java.lang.Object,int) -> onAbsorb
    boolean draw(java.lang.Object,android.graphics.Canvas) -> draw
android.support.v4.widget.EdgeEffectCompat$EdgeEffectImpl -> android.support.v4.widget.EdgeEffectCompat$EdgeEffectImpl:
    java.lang.Object newEdgeEffect(android.content.Context) -> newEdgeEffect
    void setSize(java.lang.Object,int,int) -> setSize
    boolean isFinished(java.lang.Object) -> isFinished
    void finish(java.lang.Object) -> finish
    boolean onPull(java.lang.Object,float) -> onPull
    boolean onRelease(java.lang.Object) -> onRelease
    boolean onAbsorb(java.lang.Object,int) -> onAbsorb
    boolean draw(java.lang.Object,android.graphics.Canvas) -> draw
android.support.v4.widget.EdgeEffectCompatIcs -> android.support.v4.widget.EdgeEffectCompatIcs:
    java.lang.Object newEdgeEffect(android.content.Context) -> newEdgeEffect
    void setSize(java.lang.Object,int,int) -> setSize
    boolean isFinished(java.lang.Object) -> isFinished
    void finish(java.lang.Object) -> finish
    boolean onPull(java.lang.Object,float) -> onPull
    boolean onRelease(java.lang.Object) -> onRelease
    boolean onAbsorb(java.lang.Object,int) -> onAbsorb
    boolean draw(java.lang.Object,android.graphics.Canvas) -> draw
android.support.v4.widget.ResourceCursorAdapter -> android.support.v4.widget.ResourceCursorAdapter:
    int mLayout -> mLayout
    int mDropDownLayout -> mDropDownLayout
    android.view.LayoutInflater mInflater -> mInflater
    android.view.View newView(android.content.Context,android.database.Cursor,android.view.ViewGroup) -> newView
    android.view.View newDropDownView(android.content.Context,android.database.Cursor,android.view.ViewGroup) -> newDropDownView
    void setViewResource(int) -> setViewResource
    void setDropDownViewResource(int) -> setDropDownViewResource
android.support.v4.widget.SearchViewCompat -> android.support.v4.widget.SearchViewCompat:
    android.support.v4.widget.SearchViewCompat$SearchViewCompatImpl IMPL -> IMPL
    android.view.View newSearchView(android.content.Context) -> newSearchView
    void setOnQueryTextListener(android.view.View,android.support.v4.widget.SearchViewCompat$OnQueryTextListenerCompat) -> setOnQueryTextListener
    android.support.v4.widget.SearchViewCompat$SearchViewCompatImpl access$000() -> access$000