MaintainService/proguard/usage.txt
android.annotation.SuppressLint
android.annotation.TargetApi
com.coortouch.adnroid.helper.SaveFileHelper
com.coortouch.adnroid.helper.ScreenManager:
====    52:57:public void popActivity()
====    60:65:public void popActivity(android.app.Activity)
====    80:90:public void popAllActivityExceptOne(java.lang.Class)
com.coortouch.android.adapter.CTHAdapter:
====    public abstract android.view.View getView(int,android.view.View,android.view.ViewGroup)
com.coortouch.android.categoryview.CateSimpleAdapter
com.coortouch.android.gesture.imageview.FlingAnimation:
====    68:69:public void setFactor(float)
com.coortouch.android.gesture.imageview.GestureImageView:
    public static final java.lang.String GLOBAL_NS
    public static final java.lang.String LOCAL_NS
====    428:430:public void moveBy(float,float)
====    472:472:public boolean isStrict()
====    480:480:public boolean isRecycle()
====    488:492:public void reset()
====    495:496:public void setRotation(float)
====    499:500:public void setGestureImageViewListener(com.coortouch.android.gesture.imageview.GestureImageViewListener)
====    674:674:public boolean isPortrait()
====    682:684:public void setStartingPosition(float,float)
====    700:706:public boolean isOrientationAligned()
com.coortouch.android.gesture.imageview.GestureImageViewTouchListener:
====    458:465:public void reset()
====    469:469:public float getMaxScale()
====    477:477:public float getMinScale()
com.coortouch.android.gesture.imageview.MathUtils:
====    22:22:public MathUtils()
====    37:39:public static float distance(float,float,float,float)
====    61:67:public void rotate(android.graphics.PointF,android.graphics.PointF,float)
com.coortouch.android.gesture.imageview.MoveAnimation:
====    73:75:public void reset()
====    79:79:public float getTargetX()
====    84:85:public void setTargetX(float)
====    89:89:public float getTargetY()
====    93:94:public void setTargetY(float)
====    97:97:public long getAnimationTimeMS()
====    101:102:public void setAnimationTimeMS(long)
com.coortouch.android.gesture.imageview.ZoomAnimation:
====    129:129:public float getZoom()
====    137:137:public float getTouchX()
====    145:145:public float getTouchY()
====    153:153:public long getAnimationLengthMS()
====    157:158:public void setAnimationLengthMS(long)
====    161:161:public com.coortouch.android.gesture.imageview.ZoomAnimationListener getZoomAnimationListener()
com.coortouch.android.listview.pulltorefershview.PullToRefershListView:
    private static final int RELEASE_To_REFRESH
    private static final int PULL_To_REFRESH
    private static final int REFRESHING
    private static final int DONE
    private static final int LOADING
    private static final int RATIO
====    431:432:public void setFootViewOnClickListener(com.coortouch.android.listview.pulltorefershview.PullToRefershListView$FootViewOnClickListener)
====    438:439:public void showFootProgressBar()
====    441:442:public void hideFootProgressBar()
====    466:470:public void reSetHeadFootText()
com.coortouch.android.marguee.textview.MargueeTextView:
====    11:12:public MargueeTextView(android.content.Context)
com.coortouch.android.switchbutton.SwitchButton:
====    160:161:public void setOnSwitchStateChangedListener(com.coortouch.android.switchbutton.SwitchButton$OnSwitchStateChangedListener)
====    177:177:public boolean isSlipping()
com.coortouch.android.switchbutton.SwitchView:
    static final int DEFAULT_TEXT_SIZE